<?xml version="1.0" encoding="UTF-8"?>
<testsuite xmlns:xsi="http://www.w3.org/2001/XMLSchema-instance" xsi:noNamespaceSchemaLocation="https://maven.apache.org/surefire/maven-surefire-plugin/xsd/surefire-test-report.xsd" name="com.bbva.mpeh.mx.jsprk.eje1capa2024.v00.JobEje1capa2024BuilderTest" time="0.28" tests="3" errors="0" skipped="0" failures="0">
  <properties>
    <property name="sun.desktop" value="windows"/>
    <property name="awt.toolkit" value="sun.awt.windows.WToolkit"/>
    <property name="java.specification.version" value="11"/>
    <property name="sun.cpu.isalist" value="amd64"/>
    <property name="sun.jnu.encoding" value="Cp1252"/>
    <property name="java.class.path" value="C:\Users\w10\Documents\ejemplo\MPEH-MX-JSPRK-EJE1CAPA2024-V00\target\test-classes;C:\Users\w10\Documents\ejemplo\MPEH-MX-JSPRK-EJE1CAPA2024-V00\target\classes;C:\Users\w10\.m2\repository\com\bbva\lrba\spark-domain\0.11.1\spark-domain-0.11.1.jar;C:\Users\w10\.m2\repository\com\bbva\lrba\spark-utils\0.11.1\spark-utils-0.11.1.jar;C:\Users\w10\.m2\repository\com\bbva\lrba\builder-spark\0.11.1\builder-spark-0.11.1.jar;C:\Users\w10\.m2\repository\com\bbva\lrba\spark-http-connector\0.11.1\spark-http-connector-0.11.1.jar;C:\Users\w10\.m2\repository\org\apache\spark\spark-sql_2.12\3.3.0\spark-sql_2.12-3.3.0.jar;C:\Users\w10\.m2\repository\org\rocksdb\rocksdbjni\6.20.3\rocksdbjni-6.20.3.jar;C:\Users\w10\.m2\repository\com\univocity\univocity-parsers\2.9.1\univocity-parsers-2.9.1.jar;C:\Users\w10\.m2\repository\org\apache\spark\spark-sketch_2.12\3.3.0\spark-sketch_2.12-3.3.0.jar;C:\Users\w10\.m2\repository\org\apache\spark\spark-core_2.12\3.3.0\spark-core_2.12-3.3.0.jar;C:\Users\w10\.m2\repository\org\apache\avro\avro\1.11.0\avro-1.11.0.jar;C:\Users\w10\.m2\repository\org\apache\commons\commons-compress\1.21\commons-compress-1.21.jar;C:\Users\w10\.m2\repository\org\apache\avro\avro-mapred\1.11.0\avro-mapred-1.11.0.jar;C:\Users\w10\.m2\repository\org\apache\avro\avro-ipc\1.11.0\avro-ipc-1.11.0.jar;C:\Users\w10\.m2\repository\org\tukaani\xz\1.9\xz-1.9.jar;C:\Users\w10\.m2\repository\com\twitter\chill_2.12\0.10.0\chill_2.12-0.10.0.jar;C:\Users\w10\.m2\repository\com\esotericsoftware\kryo-shaded\4.0.2\kryo-shaded-4.0.2.jar;C:\Users\w10\.m2\repository\com\esotericsoftware\minlog\1.3.0\minlog-1.3.0.jar;C:\Users\w10\.m2\repository\com\twitter\chill-java\0.10.0\chill-java-0.10.0.jar;C:\Users\w10\.m2\repository\org\apache\hadoop\hadoop-client-api\3.3.2\hadoop-client-api-3.3.2.jar;C:\Users\w10\.m2\repository\org\apache\hadoop\hadoop-client-runtime\3.3.2\hadoop-client-runtime-3.3.2.jar;C:\Users\w10\.m2\repository\commons-logging\commons-logging\1.1.3\commons-logging-1.1.3.jar;C:\Users\w10\.m2\repository\org\apache\spark\spark-launcher_2.12\3.3.0\spark-launcher_2.12-3.3.0.jar;C:\Users\w10\.m2\repository\org\apache\spark\spark-kvstore_2.12\3.3.0\spark-kvstore_2.12-3.3.0.jar;C:\Users\w10\.m2\repository\org\fusesource\leveldbjni\leveldbjni-all\1.8\leveldbjni-all-1.8.jar;C:\Users\w10\.m2\repository\org\apache\spark\spark-network-common_2.12\3.3.0\spark-network-common_2.12-3.3.0.jar;C:\Users\w10\.m2\repository\com\google\crypto\tink\tink\1.6.1\tink-1.6.1.jar;C:\Users\w10\.m2\repository\org\apache\spark\spark-network-shuffle_2.12\3.3.0\spark-network-shuffle_2.12-3.3.0.jar;C:\Users\w10\.m2\repository\org\apache\spark\spark-unsafe_2.12\3.3.0\spark-unsafe_2.12-3.3.0.jar;C:\Users\w10\.m2\repository\javax\activation\activation\1.1.1\activation-1.1.1.jar;C:\Users\w10\.m2\repository\org\apache\curator\curator-recipes\2.13.0\curator-recipes-2.13.0.jar;C:\Users\w10\.m2\repository\org\apache\curator\curator-framework\2.13.0\curator-framework-2.13.0.jar;C:\Users\w10\.m2\repository\org\apache\curator\curator-client\2.13.0\curator-client-2.13.0.jar;C:\Users\w10\.m2\repository\com\google\guava\guava\16.0.1\guava-16.0.1.jar;C:\Users\w10\.m2\repository\org\apache\zookeeper\zookeeper\3.6.2\zookeeper-3.6.2.jar;C:\Users\w10\.m2\repository\commons-lang\commons-lang\2.6\commons-lang-2.6.jar;C:\Users\w10\.m2\repository\org\apache\zookeeper\zookeeper-jute\3.6.2\zookeeper-jute-3.6.2.jar;C:\Users\w10\.m2\repository\org\apache\yetus\audience-annotations\0.5.0\audience-annotations-0.5.0.jar;C:\Users\w10\.m2\repository\jakarta\servlet\jakarta.servlet-api\4.0.3\jakarta.servlet-api-4.0.3.jar;C:\Users\w10\.m2\repository\commons-codec\commons-codec\1.15\commons-codec-1.15.jar;C:\Users\w10\.m2\repository\org\apache\commons\commons-lang3\3.12.0\commons-lang3-3.12.0.jar;C:\Users\w10\.m2\repository\org\apache\commons\commons-math3\3.6.1\commons-math3-3.6.1.jar;C:\Users\w10\.m2\repository\org\apache\commons\commons-text\1.9\commons-text-1.9.jar;C:\Users\w10\.m2\repository\commons-io\commons-io\2.11.0\commons-io-2.11.0.jar;C:\Users\w10\.m2\repository\commons-collections\commons-collections\3.2.2\commons-collections-3.2.2.jar;C:\Users\w10\.m2\repository\org\apache\commons\commons-collections4\4.4\commons-collections4-4.4.jar;C:\Users\w10\.m2\repository\com\google\code\findbugs\jsr305\3.0.0\jsr305-3.0.0.jar;C:\Users\w10\.m2\repository\org\slf4j\jul-to-slf4j\1.7.32\jul-to-slf4j-1.7.32.jar;C:\Users\w10\.m2\repository\org\slf4j\jcl-over-slf4j\1.7.32\jcl-over-slf4j-1.7.32.jar;C:\Users\w10\.m2\repository\com\ning\compress-lzf\1.1\compress-lzf-1.1.jar;C:\Users\w10\.m2\repository\org\xerial\snappy\snappy-java\1.1.8.4\snappy-java-1.1.8.4.jar;C:\Users\w10\.m2\repository\org\lz4\lz4-java\1.8.0\lz4-java-1.8.0.jar;C:\Users\w10\.m2\repository\com\github\luben\zstd-jni\1.5.2-1\zstd-jni-1.5.2-1.jar;C:\Users\w10\.m2\repository\org\roaringbitmap\RoaringBitmap\0.9.25\RoaringBitmap-0.9.25.jar;C:\Users\w10\.m2\repository\org\roaringbitmap\shims\0.9.25\shims-0.9.25.jar;C:\Users\w10\.m2\repository\org\scala-lang\modules\scala-xml_2.12\1.2.0\scala-xml_2.12-1.2.0.jar;C:\Users\w10\.m2\repository\org\scala-lang\scala-library\2.12.15\scala-library-2.12.15.jar;C:\Users\w10\.m2\repository\org\scala-lang\scala-reflect\2.12.15\scala-reflect-2.12.15.jar;C:\Users\w10\.m2\repository\org\json4s\json4s-jackson_2.12\3.7.0-M11\json4s-jackson_2.12-3.7.0-M11.jar;C:\Users\w10\.m2\repository\org\json4s\json4s-core_2.12\3.7.0-M11\json4s-core_2.12-3.7.0-M11.jar;C:\Users\w10\.m2\repository\org\json4s\json4s-ast_2.12\3.7.0-M11\json4s-ast_2.12-3.7.0-M11.jar;C:\Users\w10\.m2\repository\org\json4s\json4s-scalap_2.12\3.7.0-M11\json4s-scalap_2.12-3.7.0-M11.jar;C:\Users\w10\.m2\repository\org\glassfish\jersey\core\jersey-client\2.34\jersey-client-2.34.jar;C:\Users\w10\.m2\repository\jakarta\ws\rs\jakarta.ws.rs-api\2.1.6\jakarta.ws.rs-api-2.1.6.jar;C:\Users\w10\.m2\repository\org\glassfish\hk2\external\jakarta.inject\2.6.1\jakarta.inject-2.6.1.jar;C:\Users\w10\.m2\repository\org\glassfish\jersey\core\jersey-common\2.34\jersey-common-2.34.jar;C:\Users\w10\.m2\repository\jakarta\annotation\jakarta.annotation-api\1.3.5\jakarta.annotation-api-1.3.5.jar;C:\Users\w10\.m2\repository\org\glassfish\hk2\osgi-resource-locator\1.0.3\osgi-resource-locator-1.0.3.jar;C:\Users\w10\.m2\repository\org\glassfish\jersey\core\jersey-server\2.34\jersey-server-2.34.jar;C:\Users\w10\.m2\repository\jakarta\validation\jakarta.validation-api\2.0.2\jakarta.validation-api-2.0.2.jar;C:\Users\w10\.m2\repository\org\glassfish\jersey\containers\jersey-container-servlet\2.34\jersey-container-servlet-2.34.jar;C:\Users\w10\.m2\repository\org\glassfish\jersey\containers\jersey-container-servlet-core\2.34\jersey-container-servlet-core-2.34.jar;C:\Users\w10\.m2\repository\org\glassfish\jersey\inject\jersey-hk2\2.34\jersey-hk2-2.34.jar;C:\Users\w10\.m2\repository\org\glassfish\hk2\hk2-locator\2.6.1\hk2-locator-2.6.1.jar;C:\Users\w10\.m2\repository\org\glassfish\hk2\external\aopalliance-repackaged\2.6.1\aopalliance-repackaged-2.6.1.jar;C:\Users\w10\.m2\repository\org\glassfish\hk2\hk2-api\2.6.1\hk2-api-2.6.1.jar;C:\Users\w10\.m2\repository\org\glassfish\hk2\hk2-utils\2.6.1\hk2-utils-2.6.1.jar;C:\Users\w10\.m2\repository\org\javassist\javassist\3.25.0-GA\javassist-3.25.0-GA.jar;C:\Users\w10\.m2\repository\io\netty\netty-all\4.1.74.Final\netty-all-4.1.74.Final.jar;C:\Users\w10\.m2\repository\io\netty\netty-buffer\4.1.74.Final\netty-buffer-4.1.74.Final.jar;C:\Users\w10\.m2\repository\io\netty\netty-codec\4.1.74.Final\netty-codec-4.1.74.Final.jar;C:\Users\w10\.m2\repository\io\netty\netty-common\4.1.74.Final\netty-common-4.1.74.Final.jar;C:\Users\w10\.m2\repository\io\netty\netty-handler\4.1.74.Final\netty-handler-4.1.74.Final.jar;C:\Users\w10\.m2\repository\io\netty\netty-tcnative-classes\2.0.48.Final\netty-tcnative-classes-2.0.48.Final.jar;C:\Users\w10\.m2\repository\io\netty\netty-resolver\4.1.74.Final\netty-resolver-4.1.74.Final.jar;C:\Users\w10\.m2\repository\io\netty\netty-transport\4.1.74.Final\netty-transport-4.1.74.Final.jar;C:\Users\w10\.m2\repository\io\netty\netty-transport-classes-epoll\4.1.74.Final\netty-transport-classes-epoll-4.1.74.Final.jar;C:\Users\w10\.m2\repository\io\netty\netty-transport-native-unix-common\4.1.74.Final\netty-transport-native-unix-common-4.1.74.Final.jar;C:\Users\w10\.m2\repository\io\netty\netty-transport-classes-kqueue\4.1.74.Final\netty-transport-classes-kqueue-4.1.74.Final.jar;C:\Users\w10\.m2\repository\io\netty\netty-transport-native-epoll\4.1.74.Final\netty-transport-native-epoll-4.1.74.Final-linux-x86_64.jar;C:\Users\w10\.m2\repository\io\netty\netty-transport-native-epoll\4.1.74.Final\netty-transport-native-epoll-4.1.74.Final-linux-aarch_64.jar;C:\Users\w10\.m2\repository\io\netty\netty-transport-native-kqueue\4.1.74.Final\netty-transport-native-kqueue-4.1.74.Final-osx-x86_64.jar;C:\Users\w10\.m2\repository\io\netty\netty-transport-native-kqueue\4.1.74.Final\netty-transport-native-kqueue-4.1.74.Final-osx-aarch_64.jar;C:\Users\w10\.m2\repository\com\clearspring\analytics\stream\2.9.6\stream-2.9.6.jar;C:\Users\w10\.m2\repository\io\dropwizard\metrics\metrics-core\4.2.7\metrics-core-4.2.7.jar;C:\Users\w10\.m2\repository\io\dropwizard\metrics\metrics-jvm\4.2.7\metrics-jvm-4.2.7.jar;C:\Users\w10\.m2\repository\io\dropwizard\metrics\metrics-json\4.2.7\metrics-json-4.2.7.jar;C:\Users\w10\.m2\repository\io\dropwizard\metrics\metrics-graphite\4.2.7\metrics-graphite-4.2.7.jar;C:\Users\w10\.m2\repository\io\dropwizard\metrics\metrics-jmx\4.2.7\metrics-jmx-4.2.7.jar;C:\Users\w10\.m2\repository\com\fasterxml\jackson\module\jackson-module-scala_2.12\2.13.3\jackson-module-scala_2.12-2.13.3.jar;C:\Users\w10\.m2\repository\com\thoughtworks\paranamer\paranamer\2.8\paranamer-2.8.jar;C:\Users\w10\.m2\repository\org\apache\ivy\ivy\2.5.0\ivy-2.5.0.jar;C:\Users\w10\.m2\repository\oro\oro\2.0.8\oro-2.0.8.jar;C:\Users\w10\.m2\repository\net\razorvine\pickle\1.2\pickle-1.2.jar;C:\Users\w10\.m2\repository\net\sf\py4j\py4j\0.10.9.5\py4j-0.10.9.5.jar;C:\Users\w10\.m2\repository\org\apache\commons\commons-crypto\1.1.0\commons-crypto-1.1.0.jar;C:\Users\w10\.m2\repository\org\apache\spark\spark-catalyst_2.12\3.3.0\spark-catalyst_2.12-3.3.0.jar;C:\Users\w10\.m2\repository\org\scala-lang\modules\scala-parser-combinators_2.12\1.1.2\scala-parser-combinators_2.12-1.1.2.jar;C:\Users\w10\.m2\repository\org\codehaus\janino\janino\3.0.16\janino-3.0.16.jar;C:\Users\w10\.m2\repository\org\codehaus\janino\commons-compiler\3.0.16\commons-compiler-3.0.16.jar;C:\Users\w10\.m2\repository\org\antlr\antlr4-runtime\4.8\antlr4-runtime-4.8.jar;C:\Users\w10\.m2\repository\org\apache\arrow\arrow-vector\7.0.0\arrow-vector-7.0.0.jar;C:\Users\w10\.m2\repository\org\apache\arrow\arrow-format\7.0.0\arrow-format-7.0.0.jar;C:\Users\w10\.m2\repository\org\apache\arrow\arrow-memory-core\7.0.0\arrow-memory-core-7.0.0.jar;C:\Users\w10\.m2\repository\com\google\flatbuffers\flatbuffers-java\1.12.0\flatbuffers-java-1.12.0.jar;C:\Users\w10\.m2\repository\org\apache\arrow\arrow-memory-netty\7.0.0\arrow-memory-netty-7.0.0.jar;C:\Users\w10\.m2\repository\org\apache\spark\spark-tags_2.12\3.3.0\spark-tags_2.12-3.3.0.jar;C:\Users\w10\.m2\repository\org\apache\orc\orc-core\1.7.4\orc-core-1.7.4.jar;C:\Users\w10\.m2\repository\org\apache\orc\orc-shims\1.7.4\orc-shims-1.7.4.jar;C:\Users\w10\.m2\repository\com\google\protobuf\protobuf-java\2.5.0\protobuf-java-2.5.0.jar;C:\Users\w10\.m2\repository\io\airlift\aircompressor\0.21\aircompressor-0.21.jar;C:\Users\w10\.m2\repository\org\jetbrains\annotations\17.0.0\annotations-17.0.0.jar;C:\Users\w10\.m2\repository\org\threeten\threeten-extra\1.5.0\threeten-extra-1.5.0.jar;C:\Users\w10\.m2\repository\org\apache\orc\orc-mapreduce\1.7.4\orc-mapreduce-1.7.4.jar;C:\Users\w10\.m2\repository\org\apache\hive\hive-storage-api\2.7.2\hive-storage-api-2.7.2.jar;C:\Users\w10\.m2\repository\org\apache\parquet\parquet-column\1.12.2\parquet-column-1.12.2.jar;C:\Users\w10\.m2\repository\org\apache\parquet\parquet-common\1.12.2\parquet-common-1.12.2.jar;C:\Users\w10\.m2\repository\org\apache\parquet\parquet-encoding\1.12.2\parquet-encoding-1.12.2.jar;C:\Users\w10\.m2\repository\org\apache\parquet\parquet-hadoop\1.12.2\parquet-hadoop-1.12.2.jar;C:\Users\w10\.m2\repository\org\apache\parquet\parquet-format-structures\1.12.2\parquet-format-structures-1.12.2.jar;C:\Users\w10\.m2\repository\org\apache\parquet\parquet-jackson\1.12.2\parquet-jackson-1.12.2.jar;C:\Users\w10\.m2\repository\com\fasterxml\jackson\core\jackson-databind\2.13.3\jackson-databind-2.13.3.jar;C:\Users\w10\.m2\repository\com\fasterxml\jackson\core\jackson-annotations\2.13.3\jackson-annotations-2.13.3.jar;C:\Users\w10\.m2\repository\com\fasterxml\jackson\core\jackson-core\2.13.3\jackson-core-2.13.3.jar;C:\Users\w10\.m2\repository\org\apache\xbean\xbean-asm9-shaded\4.20\xbean-asm9-shaded-4.20.jar;C:\Users\w10\.m2\repository\org\spark-project\spark\unused\1.0.0\unused-1.0.0.jar;C:\Users\w10\.m2\repository\org\mongodb\bson\4.0.5\bson-4.0.5.jar;C:\Users\w10\.m2\repository\com\bbva\lrba\spark-test-utilities\0.11.1\spark-test-utilities-0.11.1.jar;C:\Users\w10\.m2\repository\com\bbva\lrba\spark-core\0.11.1\spark-core-0.11.1.jar;C:\Users\w10\.m2\repository\org\apache\spark\spark-kubernetes_2.12\3.3.0\spark-kubernetes_2.12-3.3.0.jar;C:\Users\w10\.m2\repository\org\apache\spark\spark-tags_2.12\3.3.0\spark-tags_2.12-3.3.0-tests.jar;C:\Users\w10\.m2\repository\io\fabric8\kubernetes-client\5.12.2\kubernetes-client-5.12.2.jar;C:\Users\w10\.m2\repository\io\fabric8\kubernetes-model-core\5.12.2\kubernetes-model-core-5.12.2.jar;C:\Users\w10\.m2\repository\io\fabric8\kubernetes-model-common\5.12.2\kubernetes-model-common-5.12.2.jar;C:\Users\w10\.m2\repository\io\fabric8\kubernetes-model-rbac\5.12.2\kubernetes-model-rbac-5.12.2.jar;C:\Users\w10\.m2\repository\io\fabric8\kubernetes-model-admissionregistration\5.12.2\kubernetes-model-admissionregistration-5.12.2.jar;C:\Users\w10\.m2\repository\io\fabric8\kubernetes-model-apps\5.12.2\kubernetes-model-apps-5.12.2.jar;C:\Users\w10\.m2\repository\io\fabric8\kubernetes-model-autoscaling\5.12.2\kubernetes-model-autoscaling-5.12.2.jar;C:\Users\w10\.m2\repository\io\fabric8\kubernetes-model-apiextensions\5.12.2\kubernetes-model-apiextensions-5.12.2.jar;C:\Users\w10\.m2\repository\io\fabric8\kubernetes-model-batch\5.12.2\kubernetes-model-batch-5.12.2.jar;C:\Users\w10\.m2\repository\io\fabric8\kubernetes-model-certificates\5.12.2\kubernetes-model-certificates-5.12.2.jar;C:\Users\w10\.m2\repository\io\fabric8\kubernetes-model-coordination\5.12.2\kubernetes-model-coordination-5.12.2.jar;C:\Users\w10\.m2\repository\io\fabric8\kubernetes-model-discovery\5.12.2\kubernetes-model-discovery-5.12.2.jar;C:\Users\w10\.m2\repository\io\fabric8\kubernetes-model-events\5.12.2\kubernetes-model-events-5.12.2.jar;C:\Users\w10\.m2\repository\io\fabric8\kubernetes-model-extensions\5.12.2\kubernetes-model-extensions-5.12.2.jar;C:\Users\w10\.m2\repository\io\fabric8\kubernetes-model-flowcontrol\5.12.2\kubernetes-model-flowcontrol-5.12.2.jar;C:\Users\w10\.m2\repository\io\fabric8\kubernetes-model-networking\5.12.2\kubernetes-model-networking-5.12.2.jar;C:\Users\w10\.m2\repository\io\fabric8\kubernetes-model-metrics\5.12.2\kubernetes-model-metrics-5.12.2.jar;C:\Users\w10\.m2\repository\io\fabric8\kubernetes-model-policy\5.12.2\kubernetes-model-policy-5.12.2.jar;C:\Users\w10\.m2\repository\io\fabric8\kubernetes-model-scheduling\5.12.2\kubernetes-model-scheduling-5.12.2.jar;C:\Users\w10\.m2\repository\io\fabric8\kubernetes-model-storageclass\5.12.2\kubernetes-model-storageclass-5.12.2.jar;C:\Users\w10\.m2\repository\io\fabric8\kubernetes-model-node\5.12.2\kubernetes-model-node-5.12.2.jar;C:\Users\w10\.m2\repository\com\squareup\okhttp3\okhttp\3.12.12\okhttp-3.12.12.jar;C:\Users\w10\.m2\repository\com\squareup\okio\okio\1.15.0\okio-1.15.0.jar;C:\Users\w10\.m2\repository\com\squareup\okhttp3\logging-interceptor\3.12.12\logging-interceptor-3.12.12.jar;C:\Users\w10\.m2\repository\com\fasterxml\jackson\datatype\jackson-datatype-jsr310\2.13.1\jackson-datatype-jsr310-2.13.1.jar;C:\Users\w10\.m2\repository\io\fabric8\zjsonpatch\0.3.0\zjsonpatch-0.3.0.jar;C:\Users\w10\.m2\repository\com\github\mifmif\generex\1.0.2\generex-1.0.2.jar;C:\Users\w10\.m2\repository\dk\brics\automaton\automaton\1.11-8\automaton-1.11-8.jar;C:\Users\w10\.m2\repository\com\fasterxml\jackson\dataformat\jackson-dataformat-yaml\2.13.3\jackson-dataformat-yaml-2.13.3.jar;C:\Users\w10\.m2\repository\org\yaml\snakeyaml\1.30\snakeyaml-1.30.jar;C:\Users\w10\.m2\repository\com\ibm\db2\jcc\db2jcc4\4.23.42\db2jcc4-4.23.42.jar;C:\Users\w10\.m2\repository\com\ibm\db2\jcc\db2driver_licese_cisuz\1.4.2\db2driver_licese_cisuz-1.4.2.jar;C:\Users\w10\.m2\repository\com\oracle\database\jdbc\ojdbc11\21.7.0.0\ojdbc11-21.7.0.0.jar;C:\Users\w10\.m2\repository\org\postgresql\postgresql\42.4.0\postgresql-42.4.0.jar;C:\Users\w10\.m2\repository\org\checkerframework\checker-qual\3.5.0\checker-qual-3.5.0.jar;C:\Users\w10\.m2\repository\org\mongodb\spark\mongo-spark-connector_2.12\3.0.2\mongo-spark-connector_2.12-3.0.2.jar;C:\Users\w10\.m2\repository\org\elasticsearch\elasticsearch-spark-30_2.12\8.4.1\elasticsearch-spark-30_2.12-8.4.1.jar;C:\Users\w10\.m2\repository\com\couchbase\client\spark-connector_2.12\3.3.0\spark-connector_2.12-3.3.0.jar;C:\Users\w10\.m2\repository\com\couchbase\client\scala-client_2.12\1.4.1\scala-client_2.12-1.4.1.jar;C:\Users\w10\.m2\repository\com\couchbase\client\core-io\2.4.1\core-io-2.4.1.jar;C:\Users\w10\.m2\repository\org\reactivestreams\reactive-streams\1.0.4\reactive-streams-1.0.4.jar;C:\Users\w10\.m2\repository\io\projectreactor\reactor-scala-extensions_2.12\0.8.0\reactor-scala-extensions_2.12-0.8.0.jar;C:\Users\w10\.m2\repository\com\github\plokhotnyuk\jsoniter-scala\jsoniter-scala-core_2.12\2.13.5.2\jsoniter-scala-core_2.12-2.13.5.2.jar;C:\Users\w10\.m2\repository\com\github\plokhotnyuk\jsoniter-scala\jsoniter-scala-macros_2.12\2.13.5.2\jsoniter-scala-macros_2.12-2.13.5.2.jar;C:\Users\w10\.m2\repository\org\scala-lang\modules\scala-collection-compat_2.12\2.8.1\scala-collection-compat_2.12-2.8.1.jar;C:\Users\w10\.m2\repository\com\lihaoyi\upickle_2.12\1.6.0\upickle_2.12-1.6.0.jar;C:\Users\w10\.m2\repository\com\lihaoyi\ujson_2.12\1.6.0\ujson_2.12-1.6.0.jar;C:\Users\w10\.m2\repository\com\lihaoyi\upickle-core_2.12\1.6.0\upickle-core_2.12-1.6.0.jar;C:\Users\w10\.m2\repository\com\lihaoyi\geny_2.12\0.7.1\geny_2.12-0.7.1.jar;C:\Users\w10\.m2\repository\com\lihaoyi\upack_2.12\1.6.0\upack_2.12-1.6.0.jar;C:\Users\w10\.m2\repository\com\lihaoyi\upickle-implicits_2.12\1.6.0\upickle-implicits_2.12-1.6.0.jar;C:\Users\w10\.m2\repository\com\couchbase\client\dcp-client\0.43.0\dcp-client-0.43.0.jar;C:\Users\w10\.m2\repository\io\projectreactor\reactor-core\3.5.0\reactor-core-3.5.0.jar;C:\Users\w10\.m2\repository\io\micrometer\micrometer-core\1.8.1\micrometer-core-1.8.1.jar;C:\Users\w10\.m2\repository\org\hdrhistogram\HdrHistogram\2.1.12\HdrHistogram-2.1.12.jar;C:\Users\w10\.m2\repository\org\latencyutils\LatencyUtils\2.0.3\LatencyUtils-2.0.3.jar;C:\Users\w10\.m2\repository\commons-httpclient\commons-httpclient\3.1\commons-httpclient-3.1.jar;C:\Users\w10\.m2\repository\org\apache\spark\spark-hadoop-cloud_2.12\3.3.0\spark-hadoop-cloud_2.12-3.3.0.jar;C:\Users\w10\.m2\repository\org\apache\hadoop\hadoop-cloud-storage\3.3.3\hadoop-cloud-storage-3.3.3.jar;C:\Users\w10\.m2\repository\org\apache\hadoop\hadoop-aws\3.3.3\hadoop-aws-3.3.3.jar;C:\Users\w10\.m2\repository\org\wildfly\openssl\wildfly-openssl\1.0.7.Final\wildfly-openssl-1.0.7.Final.jar;C:\Users\w10\.m2\repository\com\amazonaws\aws-java-sdk-dynamodb\1.11.1026\aws-java-sdk-dynamodb-1.11.1026.jar;C:\Users\w10\.m2\repository\za\co\absa\cobrix\spark-cobol_2.12\2.5.1\spark-cobol_2.12-2.5.1.jar;C:\Users\w10\.m2\repository\za\co\absa\cobrix\cobol-parser_2.12\2.5.1\cobol-parser_2.12-2.5.1.jar;C:\Users\w10\.m2\repository\org\scodec\scodec-core_2.12\1.10.3\scodec-core_2.12-1.10.3.jar;C:\Users\w10\.m2\repository\org\scodec\scodec-bits_2.12\1.1.2\scodec-bits_2.12-1.1.2.jar;C:\Users\w10\.m2\repository\com\chuusai\shapeless_2.12\2.3.2\shapeless_2.12-2.3.2.jar;C:\Users\w10\.m2\repository\org\typelevel\macro-compat_2.12\1.1.1\macro-compat_2.12-1.1.1.jar;C:\Users\w10\.m2\repository\com\google\code\gson\gson\2.9.1\gson-2.9.1.jar;C:\Users\w10\.m2\repository\org\slf4j\slf4j-api\1.7.36\slf4j-api-1.7.36.jar;C:\Users\w10\.m2\repository\com\bbva\lrba\builder\0.11.1\builder-0.11.1.jar;C:\Users\w10\.m2\repository\com\bbva\lrba\builder-processor\0.11.1\builder-processor-0.11.1.jar;C:\Users\w10\.m2\repository\com\bbva\lrba\test-utilities\0.11.1\test-utilities-0.11.1.jar;C:\Users\w10\.m2\repository\com\bbva\lrba\context\0.11.1\context-0.11.1.jar;C:\Users\w10\.m2\repository\com\bbva\lrba\crypto\0.11.1\crypto-0.11.1.jar;C:\Users\w10\.m2\repository\com\bbva\lrba\properties\0.11.1\properties-0.11.1.jar;C:\Users\w10\.m2\repository\com\bbva\lrba\exception\0.11.1\exception-0.11.1.jar;C:\Users\w10\.m2\repository\com\bbva\lrba\http-connector\0.11.1\http-connector-0.11.1.jar;C:\Users\w10\.m2\repository\com\bbva\lrba\secrets\0.11.1\secrets-0.11.1.jar;C:\Users\w10\.m2\repository\org\tinylog\slf4j-tinylog\2.3.2\slf4j-tinylog-2.3.2.jar;C:\Users\w10\.m2\repository\org\tinylog\tinylog-api\2.3.2\tinylog-api-2.3.2.jar;C:\Users\w10\.m2\repository\org\tinylog\tinylog-impl\2.3.2\tinylog-impl-2.3.2.jar;C:\Users\w10\.m2\repository\org\codehaus\mojo\animal-sniffer-annotations\1.18\animal-sniffer-annotations-1.18.jar;C:\Users\w10\.m2\repository\org\apache\logging\log4j\log4j-core\2.18.0\log4j-core-2.18.0.jar;C:\Users\w10\.m2\repository\org\apache\logging\log4j\log4j-api\2.18.0\log4j-api-2.18.0.jar;C:\Users\w10\.m2\repository\org\junit\jupiter\junit-jupiter-api\5.8.2\junit-jupiter-api-5.8.2.jar;C:\Users\w10\.m2\repository\org\opentest4j\opentest4j\1.2.0\opentest4j-1.2.0.jar;C:\Users\w10\.m2\repository\org\junit\platform\junit-platform-commons\1.8.2\junit-platform-commons-1.8.2.jar;C:\Users\w10\.m2\repository\org\apiguardian\apiguardian-api\1.1.2\apiguardian-api-1.1.2.jar;C:\Users\w10\.m2\repository\org\junit\jupiter\junit-jupiter-engine\5.8.2\junit-jupiter-engine-5.8.2.jar;C:\Users\w10\.m2\repository\org\junit\platform\junit-platform-engine\1.8.2\junit-platform-engine-1.8.2.jar;C:\Users\w10\.m2\repository\org\mockito\mockito-core\4.6.1\mockito-core-4.6.1.jar;C:\Users\w10\.m2\repository\net\bytebuddy\byte-buddy\1.12.10\byte-buddy-1.12.10.jar;C:\Users\w10\.m2\repository\net\bytebuddy\byte-buddy-agent\1.12.10\byte-buddy-agent-1.12.10.jar;C:\Users\w10\.m2\repository\org\objenesis\objenesis\3.2\objenesis-3.2.jar;C:\Users\w10\.m2\repository\org\mockito\mockito-inline\4.6.1\mockito-inline-4.6.1.jar;C:\Users\w10\.m2\repository\uk\org\webcompere\system-stubs-core\2.0.1\system-stubs-core-2.0.1.jar;C:\Users\w10\.m2\repository\uk\org\webcompere\system-stubs-jupiter\2.0.1\system-stubs-jupiter-2.0.1.jar;"/>
    <property name="java.vm.vendor" value="Eclipse Adoptium"/>
    <property name="sun.arch.data.model" value="64"/>
    <property name="user.variant" value=""/>
    <property name="java.vendor.url" value="https://adoptium.net/"/>
    <property name="user.timezone" value="America/Mexico_City"/>
    <property name="artifactory.apikey" value="AKCp8ogpmWeJz4sbHF1rmW3z9YQEdXPEf3VQBAy9SGN45wRN9zQEVUa6JAHM69e9TGGG5UjfL"/>
    <property name="java.vm.specification.version" value="11"/>
    <property name="os.name" value="Windows 10"/>
    <property name="sun.java.launcher" value="SUN_STANDARD"/>
    <property name="user.country" value="MX"/>
    <property name="sun.boot.library.path" value="C:\Users\w10\.lrba_cli\jdk-11.0.19+7\bin"/>
    <property name="sun.java.command" value="C:\Users\w10\AppData\Local\Temp\surefire16663873682227599068\surefirebooter13066243505636385133.jar C:\Users\w10\AppData\Local\Temp\surefire16663873682227599068 2024-01-06T21-02-00_171-jvmRun1 surefire8890273570941547822tmp surefire_016886665593926820816tmp"/>
    <property name="jdk.debug" value="release"/>
    <property name="surefire.test.class.path" value="C:\Users\w10\Documents\ejemplo\MPEH-MX-JSPRK-EJE1CAPA2024-V00\target\test-classes;C:\Users\w10\Documents\ejemplo\MPEH-MX-JSPRK-EJE1CAPA2024-V00\target\classes;C:\Users\w10\.m2\repository\com\bbva\lrba\spark-domain\0.11.1\spark-domain-0.11.1.jar;C:\Users\w10\.m2\repository\com\bbva\lrba\spark-utils\0.11.1\spark-utils-0.11.1.jar;C:\Users\w10\.m2\repository\com\bbva\lrba\builder-spark\0.11.1\builder-spark-0.11.1.jar;C:\Users\w10\.m2\repository\com\bbva\lrba\spark-http-connector\0.11.1\spark-http-connector-0.11.1.jar;C:\Users\w10\.m2\repository\org\apache\spark\spark-sql_2.12\3.3.0\spark-sql_2.12-3.3.0.jar;C:\Users\w10\.m2\repository\org\rocksdb\rocksdbjni\6.20.3\rocksdbjni-6.20.3.jar;C:\Users\w10\.m2\repository\com\univocity\univocity-parsers\2.9.1\univocity-parsers-2.9.1.jar;C:\Users\w10\.m2\repository\org\apache\spark\spark-sketch_2.12\3.3.0\spark-sketch_2.12-3.3.0.jar;C:\Users\w10\.m2\repository\org\apache\spark\spark-core_2.12\3.3.0\spark-core_2.12-3.3.0.jar;C:\Users\w10\.m2\repository\org\apache\avro\avro\1.11.0\avro-1.11.0.jar;C:\Users\w10\.m2\repository\org\apache\commons\commons-compress\1.21\commons-compress-1.21.jar;C:\Users\w10\.m2\repository\org\apache\avro\avro-mapred\1.11.0\avro-mapred-1.11.0.jar;C:\Users\w10\.m2\repository\org\apache\avro\avro-ipc\1.11.0\avro-ipc-1.11.0.jar;C:\Users\w10\.m2\repository\org\tukaani\xz\1.9\xz-1.9.jar;C:\Users\w10\.m2\repository\com\twitter\chill_2.12\0.10.0\chill_2.12-0.10.0.jar;C:\Users\w10\.m2\repository\com\esotericsoftware\kryo-shaded\4.0.2\kryo-shaded-4.0.2.jar;C:\Users\w10\.m2\repository\com\esotericsoftware\minlog\1.3.0\minlog-1.3.0.jar;C:\Users\w10\.m2\repository\com\twitter\chill-java\0.10.0\chill-java-0.10.0.jar;C:\Users\w10\.m2\repository\org\apache\hadoop\hadoop-client-api\3.3.2\hadoop-client-api-3.3.2.jar;C:\Users\w10\.m2\repository\org\apache\hadoop\hadoop-client-runtime\3.3.2\hadoop-client-runtime-3.3.2.jar;C:\Users\w10\.m2\repository\commons-logging\commons-logging\1.1.3\commons-logging-1.1.3.jar;C:\Users\w10\.m2\repository\org\apache\spark\spark-launcher_2.12\3.3.0\spark-launcher_2.12-3.3.0.jar;C:\Users\w10\.m2\repository\org\apache\spark\spark-kvstore_2.12\3.3.0\spark-kvstore_2.12-3.3.0.jar;C:\Users\w10\.m2\repository\org\fusesource\leveldbjni\leveldbjni-all\1.8\leveldbjni-all-1.8.jar;C:\Users\w10\.m2\repository\org\apache\spark\spark-network-common_2.12\3.3.0\spark-network-common_2.12-3.3.0.jar;C:\Users\w10\.m2\repository\com\google\crypto\tink\tink\1.6.1\tink-1.6.1.jar;C:\Users\w10\.m2\repository\org\apache\spark\spark-network-shuffle_2.12\3.3.0\spark-network-shuffle_2.12-3.3.0.jar;C:\Users\w10\.m2\repository\org\apache\spark\spark-unsafe_2.12\3.3.0\spark-unsafe_2.12-3.3.0.jar;C:\Users\w10\.m2\repository\javax\activation\activation\1.1.1\activation-1.1.1.jar;C:\Users\w10\.m2\repository\org\apache\curator\curator-recipes\2.13.0\curator-recipes-2.13.0.jar;C:\Users\w10\.m2\repository\org\apache\curator\curator-framework\2.13.0\curator-framework-2.13.0.jar;C:\Users\w10\.m2\repository\org\apache\curator\curator-client\2.13.0\curator-client-2.13.0.jar;C:\Users\w10\.m2\repository\com\google\guava\guava\16.0.1\guava-16.0.1.jar;C:\Users\w10\.m2\repository\org\apache\zookeeper\zookeeper\3.6.2\zookeeper-3.6.2.jar;C:\Users\w10\.m2\repository\commons-lang\commons-lang\2.6\commons-lang-2.6.jar;C:\Users\w10\.m2\repository\org\apache\zookeeper\zookeeper-jute\3.6.2\zookeeper-jute-3.6.2.jar;C:\Users\w10\.m2\repository\org\apache\yetus\audience-annotations\0.5.0\audience-annotations-0.5.0.jar;C:\Users\w10\.m2\repository\jakarta\servlet\jakarta.servlet-api\4.0.3\jakarta.servlet-api-4.0.3.jar;C:\Users\w10\.m2\repository\commons-codec\commons-codec\1.15\commons-codec-1.15.jar;C:\Users\w10\.m2\repository\org\apache\commons\commons-lang3\3.12.0\commons-lang3-3.12.0.jar;C:\Users\w10\.m2\repository\org\apache\commons\commons-math3\3.6.1\commons-math3-3.6.1.jar;C:\Users\w10\.m2\repository\org\apache\commons\commons-text\1.9\commons-text-1.9.jar;C:\Users\w10\.m2\repository\commons-io\commons-io\2.11.0\commons-io-2.11.0.jar;C:\Users\w10\.m2\repository\commons-collections\commons-collections\3.2.2\commons-collections-3.2.2.jar;C:\Users\w10\.m2\repository\org\apache\commons\commons-collections4\4.4\commons-collections4-4.4.jar;C:\Users\w10\.m2\repository\com\google\code\findbugs\jsr305\3.0.0\jsr305-3.0.0.jar;C:\Users\w10\.m2\repository\org\slf4j\jul-to-slf4j\1.7.32\jul-to-slf4j-1.7.32.jar;C:\Users\w10\.m2\repository\org\slf4j\jcl-over-slf4j\1.7.32\jcl-over-slf4j-1.7.32.jar;C:\Users\w10\.m2\repository\com\ning\compress-lzf\1.1\compress-lzf-1.1.jar;C:\Users\w10\.m2\repository\org\xerial\snappy\snappy-java\1.1.8.4\snappy-java-1.1.8.4.jar;C:\Users\w10\.m2\repository\org\lz4\lz4-java\1.8.0\lz4-java-1.8.0.jar;C:\Users\w10\.m2\repository\com\github\luben\zstd-jni\1.5.2-1\zstd-jni-1.5.2-1.jar;C:\Users\w10\.m2\repository\org\roaringbitmap\RoaringBitmap\0.9.25\RoaringBitmap-0.9.25.jar;C:\Users\w10\.m2\repository\org\roaringbitmap\shims\0.9.25\shims-0.9.25.jar;C:\Users\w10\.m2\repository\org\scala-lang\modules\scala-xml_2.12\1.2.0\scala-xml_2.12-1.2.0.jar;C:\Users\w10\.m2\repository\org\scala-lang\scala-library\2.12.15\scala-library-2.12.15.jar;C:\Users\w10\.m2\repository\org\scala-lang\scala-reflect\2.12.15\scala-reflect-2.12.15.jar;C:\Users\w10\.m2\repository\org\json4s\json4s-jackson_2.12\3.7.0-M11\json4s-jackson_2.12-3.7.0-M11.jar;C:\Users\w10\.m2\repository\org\json4s\json4s-core_2.12\3.7.0-M11\json4s-core_2.12-3.7.0-M11.jar;C:\Users\w10\.m2\repository\org\json4s\json4s-ast_2.12\3.7.0-M11\json4s-ast_2.12-3.7.0-M11.jar;C:\Users\w10\.m2\repository\org\json4s\json4s-scalap_2.12\3.7.0-M11\json4s-scalap_2.12-3.7.0-M11.jar;C:\Users\w10\.m2\repository\org\glassfish\jersey\core\jersey-client\2.34\jersey-client-2.34.jar;C:\Users\w10\.m2\repository\jakarta\ws\rs\jakarta.ws.rs-api\2.1.6\jakarta.ws.rs-api-2.1.6.jar;C:\Users\w10\.m2\repository\org\glassfish\hk2\external\jakarta.inject\2.6.1\jakarta.inject-2.6.1.jar;C:\Users\w10\.m2\repository\org\glassfish\jersey\core\jersey-common\2.34\jersey-common-2.34.jar;C:\Users\w10\.m2\repository\jakarta\annotation\jakarta.annotation-api\1.3.5\jakarta.annotation-api-1.3.5.jar;C:\Users\w10\.m2\repository\org\glassfish\hk2\osgi-resource-locator\1.0.3\osgi-resource-locator-1.0.3.jar;C:\Users\w10\.m2\repository\org\glassfish\jersey\core\jersey-server\2.34\jersey-server-2.34.jar;C:\Users\w10\.m2\repository\jakarta\validation\jakarta.validation-api\2.0.2\jakarta.validation-api-2.0.2.jar;C:\Users\w10\.m2\repository\org\glassfish\jersey\containers\jersey-container-servlet\2.34\jersey-container-servlet-2.34.jar;C:\Users\w10\.m2\repository\org\glassfish\jersey\containers\jersey-container-servlet-core\2.34\jersey-container-servlet-core-2.34.jar;C:\Users\w10\.m2\repository\org\glassfish\jersey\inject\jersey-hk2\2.34\jersey-hk2-2.34.jar;C:\Users\w10\.m2\repository\org\glassfish\hk2\hk2-locator\2.6.1\hk2-locator-2.6.1.jar;C:\Users\w10\.m2\repository\org\glassfish\hk2\external\aopalliance-repackaged\2.6.1\aopalliance-repackaged-2.6.1.jar;C:\Users\w10\.m2\repository\org\glassfish\hk2\hk2-api\2.6.1\hk2-api-2.6.1.jar;C:\Users\w10\.m2\repository\org\glassfish\hk2\hk2-utils\2.6.1\hk2-utils-2.6.1.jar;C:\Users\w10\.m2\repository\org\javassist\javassist\3.25.0-GA\javassist-3.25.0-GA.jar;C:\Users\w10\.m2\repository\io\netty\netty-all\4.1.74.Final\netty-all-4.1.74.Final.jar;C:\Users\w10\.m2\repository\io\netty\netty-buffer\4.1.74.Final\netty-buffer-4.1.74.Final.jar;C:\Users\w10\.m2\repository\io\netty\netty-codec\4.1.74.Final\netty-codec-4.1.74.Final.jar;C:\Users\w10\.m2\repository\io\netty\netty-common\4.1.74.Final\netty-common-4.1.74.Final.jar;C:\Users\w10\.m2\repository\io\netty\netty-handler\4.1.74.Final\netty-handler-4.1.74.Final.jar;C:\Users\w10\.m2\repository\io\netty\netty-tcnative-classes\2.0.48.Final\netty-tcnative-classes-2.0.48.Final.jar;C:\Users\w10\.m2\repository\io\netty\netty-resolver\4.1.74.Final\netty-resolver-4.1.74.Final.jar;C:\Users\w10\.m2\repository\io\netty\netty-transport\4.1.74.Final\netty-transport-4.1.74.Final.jar;C:\Users\w10\.m2\repository\io\netty\netty-transport-classes-epoll\4.1.74.Final\netty-transport-classes-epoll-4.1.74.Final.jar;C:\Users\w10\.m2\repository\io\netty\netty-transport-native-unix-common\4.1.74.Final\netty-transport-native-unix-common-4.1.74.Final.jar;C:\Users\w10\.m2\repository\io\netty\netty-transport-classes-kqueue\4.1.74.Final\netty-transport-classes-kqueue-4.1.74.Final.jar;C:\Users\w10\.m2\repository\io\netty\netty-transport-native-epoll\4.1.74.Final\netty-transport-native-epoll-4.1.74.Final-linux-x86_64.jar;C:\Users\w10\.m2\repository\io\netty\netty-transport-native-epoll\4.1.74.Final\netty-transport-native-epoll-4.1.74.Final-linux-aarch_64.jar;C:\Users\w10\.m2\repository\io\netty\netty-transport-native-kqueue\4.1.74.Final\netty-transport-native-kqueue-4.1.74.Final-osx-x86_64.jar;C:\Users\w10\.m2\repository\io\netty\netty-transport-native-kqueue\4.1.74.Final\netty-transport-native-kqueue-4.1.74.Final-osx-aarch_64.jar;C:\Users\w10\.m2\repository\com\clearspring\analytics\stream\2.9.6\stream-2.9.6.jar;C:\Users\w10\.m2\repository\io\dropwizard\metrics\metrics-core\4.2.7\metrics-core-4.2.7.jar;C:\Users\w10\.m2\repository\io\dropwizard\metrics\metrics-jvm\4.2.7\metrics-jvm-4.2.7.jar;C:\Users\w10\.m2\repository\io\dropwizard\metrics\metrics-json\4.2.7\metrics-json-4.2.7.jar;C:\Users\w10\.m2\repository\io\dropwizard\metrics\metrics-graphite\4.2.7\metrics-graphite-4.2.7.jar;C:\Users\w10\.m2\repository\io\dropwizard\metrics\metrics-jmx\4.2.7\metrics-jmx-4.2.7.jar;C:\Users\w10\.m2\repository\com\fasterxml\jackson\module\jackson-module-scala_2.12\2.13.3\jackson-module-scala_2.12-2.13.3.jar;C:\Users\w10\.m2\repository\com\thoughtworks\paranamer\paranamer\2.8\paranamer-2.8.jar;C:\Users\w10\.m2\repository\org\apache\ivy\ivy\2.5.0\ivy-2.5.0.jar;C:\Users\w10\.m2\repository\oro\oro\2.0.8\oro-2.0.8.jar;C:\Users\w10\.m2\repository\net\razorvine\pickle\1.2\pickle-1.2.jar;C:\Users\w10\.m2\repository\net\sf\py4j\py4j\0.10.9.5\py4j-0.10.9.5.jar;C:\Users\w10\.m2\repository\org\apache\commons\commons-crypto\1.1.0\commons-crypto-1.1.0.jar;C:\Users\w10\.m2\repository\org\apache\spark\spark-catalyst_2.12\3.3.0\spark-catalyst_2.12-3.3.0.jar;C:\Users\w10\.m2\repository\org\scala-lang\modules\scala-parser-combinators_2.12\1.1.2\scala-parser-combinators_2.12-1.1.2.jar;C:\Users\w10\.m2\repository\org\codehaus\janino\janino\3.0.16\janino-3.0.16.jar;C:\Users\w10\.m2\repository\org\codehaus\janino\commons-compiler\3.0.16\commons-compiler-3.0.16.jar;C:\Users\w10\.m2\repository\org\antlr\antlr4-runtime\4.8\antlr4-runtime-4.8.jar;C:\Users\w10\.m2\repository\org\apache\arrow\arrow-vector\7.0.0\arrow-vector-7.0.0.jar;C:\Users\w10\.m2\repository\org\apache\arrow\arrow-format\7.0.0\arrow-format-7.0.0.jar;C:\Users\w10\.m2\repository\org\apache\arrow\arrow-memory-core\7.0.0\arrow-memory-core-7.0.0.jar;C:\Users\w10\.m2\repository\com\google\flatbuffers\flatbuffers-java\1.12.0\flatbuffers-java-1.12.0.jar;C:\Users\w10\.m2\repository\org\apache\arrow\arrow-memory-netty\7.0.0\arrow-memory-netty-7.0.0.jar;C:\Users\w10\.m2\repository\org\apache\spark\spark-tags_2.12\3.3.0\spark-tags_2.12-3.3.0.jar;C:\Users\w10\.m2\repository\org\apache\orc\orc-core\1.7.4\orc-core-1.7.4.jar;C:\Users\w10\.m2\repository\org\apache\orc\orc-shims\1.7.4\orc-shims-1.7.4.jar;C:\Users\w10\.m2\repository\com\google\protobuf\protobuf-java\2.5.0\protobuf-java-2.5.0.jar;C:\Users\w10\.m2\repository\io\airlift\aircompressor\0.21\aircompressor-0.21.jar;C:\Users\w10\.m2\repository\org\jetbrains\annotations\17.0.0\annotations-17.0.0.jar;C:\Users\w10\.m2\repository\org\threeten\threeten-extra\1.5.0\threeten-extra-1.5.0.jar;C:\Users\w10\.m2\repository\org\apache\orc\orc-mapreduce\1.7.4\orc-mapreduce-1.7.4.jar;C:\Users\w10\.m2\repository\org\apache\hive\hive-storage-api\2.7.2\hive-storage-api-2.7.2.jar;C:\Users\w10\.m2\repository\org\apache\parquet\parquet-column\1.12.2\parquet-column-1.12.2.jar;C:\Users\w10\.m2\repository\org\apache\parquet\parquet-common\1.12.2\parquet-common-1.12.2.jar;C:\Users\w10\.m2\repository\org\apache\parquet\parquet-encoding\1.12.2\parquet-encoding-1.12.2.jar;C:\Users\w10\.m2\repository\org\apache\parquet\parquet-hadoop\1.12.2\parquet-hadoop-1.12.2.jar;C:\Users\w10\.m2\repository\org\apache\parquet\parquet-format-structures\1.12.2\parquet-format-structures-1.12.2.jar;C:\Users\w10\.m2\repository\org\apache\parquet\parquet-jackson\1.12.2\parquet-jackson-1.12.2.jar;C:\Users\w10\.m2\repository\com\fasterxml\jackson\core\jackson-databind\2.13.3\jackson-databind-2.13.3.jar;C:\Users\w10\.m2\repository\com\fasterxml\jackson\core\jackson-annotations\2.13.3\jackson-annotations-2.13.3.jar;C:\Users\w10\.m2\repository\com\fasterxml\jackson\core\jackson-core\2.13.3\jackson-core-2.13.3.jar;C:\Users\w10\.m2\repository\org\apache\xbean\xbean-asm9-shaded\4.20\xbean-asm9-shaded-4.20.jar;C:\Users\w10\.m2\repository\org\spark-project\spark\unused\1.0.0\unused-1.0.0.jar;C:\Users\w10\.m2\repository\org\mongodb\bson\4.0.5\bson-4.0.5.jar;C:\Users\w10\.m2\repository\com\bbva\lrba\spark-test-utilities\0.11.1\spark-test-utilities-0.11.1.jar;C:\Users\w10\.m2\repository\com\bbva\lrba\spark-core\0.11.1\spark-core-0.11.1.jar;C:\Users\w10\.m2\repository\org\apache\spark\spark-kubernetes_2.12\3.3.0\spark-kubernetes_2.12-3.3.0.jar;C:\Users\w10\.m2\repository\org\apache\spark\spark-tags_2.12\3.3.0\spark-tags_2.12-3.3.0-tests.jar;C:\Users\w10\.m2\repository\io\fabric8\kubernetes-client\5.12.2\kubernetes-client-5.12.2.jar;C:\Users\w10\.m2\repository\io\fabric8\kubernetes-model-core\5.12.2\kubernetes-model-core-5.12.2.jar;C:\Users\w10\.m2\repository\io\fabric8\kubernetes-model-common\5.12.2\kubernetes-model-common-5.12.2.jar;C:\Users\w10\.m2\repository\io\fabric8\kubernetes-model-rbac\5.12.2\kubernetes-model-rbac-5.12.2.jar;C:\Users\w10\.m2\repository\io\fabric8\kubernetes-model-admissionregistration\5.12.2\kubernetes-model-admissionregistration-5.12.2.jar;C:\Users\w10\.m2\repository\io\fabric8\kubernetes-model-apps\5.12.2\kubernetes-model-apps-5.12.2.jar;C:\Users\w10\.m2\repository\io\fabric8\kubernetes-model-autoscaling\5.12.2\kubernetes-model-autoscaling-5.12.2.jar;C:\Users\w10\.m2\repository\io\fabric8\kubernetes-model-apiextensions\5.12.2\kubernetes-model-apiextensions-5.12.2.jar;C:\Users\w10\.m2\repository\io\fabric8\kubernetes-model-batch\5.12.2\kubernetes-model-batch-5.12.2.jar;C:\Users\w10\.m2\repository\io\fabric8\kubernetes-model-certificates\5.12.2\kubernetes-model-certificates-5.12.2.jar;C:\Users\w10\.m2\repository\io\fabric8\kubernetes-model-coordination\5.12.2\kubernetes-model-coordination-5.12.2.jar;C:\Users\w10\.m2\repository\io\fabric8\kubernetes-model-discovery\5.12.2\kubernetes-model-discovery-5.12.2.jar;C:\Users\w10\.m2\repository\io\fabric8\kubernetes-model-events\5.12.2\kubernetes-model-events-5.12.2.jar;C:\Users\w10\.m2\repository\io\fabric8\kubernetes-model-extensions\5.12.2\kubernetes-model-extensions-5.12.2.jar;C:\Users\w10\.m2\repository\io\fabric8\kubernetes-model-flowcontrol\5.12.2\kubernetes-model-flowcontrol-5.12.2.jar;C:\Users\w10\.m2\repository\io\fabric8\kubernetes-model-networking\5.12.2\kubernetes-model-networking-5.12.2.jar;C:\Users\w10\.m2\repository\io\fabric8\kubernetes-model-metrics\5.12.2\kubernetes-model-metrics-5.12.2.jar;C:\Users\w10\.m2\repository\io\fabric8\kubernetes-model-policy\5.12.2\kubernetes-model-policy-5.12.2.jar;C:\Users\w10\.m2\repository\io\fabric8\kubernetes-model-scheduling\5.12.2\kubernetes-model-scheduling-5.12.2.jar;C:\Users\w10\.m2\repository\io\fabric8\kubernetes-model-storageclass\5.12.2\kubernetes-model-storageclass-5.12.2.jar;C:\Users\w10\.m2\repository\io\fabric8\kubernetes-model-node\5.12.2\kubernetes-model-node-5.12.2.jar;C:\Users\w10\.m2\repository\com\squareup\okhttp3\okhttp\3.12.12\okhttp-3.12.12.jar;C:\Users\w10\.m2\repository\com\squareup\okio\okio\1.15.0\okio-1.15.0.jar;C:\Users\w10\.m2\repository\com\squareup\okhttp3\logging-interceptor\3.12.12\logging-interceptor-3.12.12.jar;C:\Users\w10\.m2\repository\com\fasterxml\jackson\datatype\jackson-datatype-jsr310\2.13.1\jackson-datatype-jsr310-2.13.1.jar;C:\Users\w10\.m2\repository\io\fabric8\zjsonpatch\0.3.0\zjsonpatch-0.3.0.jar;C:\Users\w10\.m2\repository\com\github\mifmif\generex\1.0.2\generex-1.0.2.jar;C:\Users\w10\.m2\repository\dk\brics\automaton\automaton\1.11-8\automaton-1.11-8.jar;C:\Users\w10\.m2\repository\com\fasterxml\jackson\dataformat\jackson-dataformat-yaml\2.13.3\jackson-dataformat-yaml-2.13.3.jar;C:\Users\w10\.m2\repository\org\yaml\snakeyaml\1.30\snakeyaml-1.30.jar;C:\Users\w10\.m2\repository\com\ibm\db2\jcc\db2jcc4\4.23.42\db2jcc4-4.23.42.jar;C:\Users\w10\.m2\repository\com\ibm\db2\jcc\db2driver_licese_cisuz\1.4.2\db2driver_licese_cisuz-1.4.2.jar;C:\Users\w10\.m2\repository\com\oracle\database\jdbc\ojdbc11\21.7.0.0\ojdbc11-21.7.0.0.jar;C:\Users\w10\.m2\repository\org\postgresql\postgresql\42.4.0\postgresql-42.4.0.jar;C:\Users\w10\.m2\repository\org\checkerframework\checker-qual\3.5.0\checker-qual-3.5.0.jar;C:\Users\w10\.m2\repository\org\mongodb\spark\mongo-spark-connector_2.12\3.0.2\mongo-spark-connector_2.12-3.0.2.jar;C:\Users\w10\.m2\repository\org\elasticsearch\elasticsearch-spark-30_2.12\8.4.1\elasticsearch-spark-30_2.12-8.4.1.jar;C:\Users\w10\.m2\repository\com\couchbase\client\spark-connector_2.12\3.3.0\spark-connector_2.12-3.3.0.jar;C:\Users\w10\.m2\repository\com\couchbase\client\scala-client_2.12\1.4.1\scala-client_2.12-1.4.1.jar;C:\Users\w10\.m2\repository\com\couchbase\client\core-io\2.4.1\core-io-2.4.1.jar;C:\Users\w10\.m2\repository\org\reactivestreams\reactive-streams\1.0.4\reactive-streams-1.0.4.jar;C:\Users\w10\.m2\repository\io\projectreactor\reactor-scala-extensions_2.12\0.8.0\reactor-scala-extensions_2.12-0.8.0.jar;C:\Users\w10\.m2\repository\com\github\plokhotnyuk\jsoniter-scala\jsoniter-scala-core_2.12\2.13.5.2\jsoniter-scala-core_2.12-2.13.5.2.jar;C:\Users\w10\.m2\repository\com\github\plokhotnyuk\jsoniter-scala\jsoniter-scala-macros_2.12\2.13.5.2\jsoniter-scala-macros_2.12-2.13.5.2.jar;C:\Users\w10\.m2\repository\org\scala-lang\modules\scala-collection-compat_2.12\2.8.1\scala-collection-compat_2.12-2.8.1.jar;C:\Users\w10\.m2\repository\com\lihaoyi\upickle_2.12\1.6.0\upickle_2.12-1.6.0.jar;C:\Users\w10\.m2\repository\com\lihaoyi\ujson_2.12\1.6.0\ujson_2.12-1.6.0.jar;C:\Users\w10\.m2\repository\com\lihaoyi\upickle-core_2.12\1.6.0\upickle-core_2.12-1.6.0.jar;C:\Users\w10\.m2\repository\com\lihaoyi\geny_2.12\0.7.1\geny_2.12-0.7.1.jar;C:\Users\w10\.m2\repository\com\lihaoyi\upack_2.12\1.6.0\upack_2.12-1.6.0.jar;C:\Users\w10\.m2\repository\com\lihaoyi\upickle-implicits_2.12\1.6.0\upickle-implicits_2.12-1.6.0.jar;C:\Users\w10\.m2\repository\com\couchbase\client\dcp-client\0.43.0\dcp-client-0.43.0.jar;C:\Users\w10\.m2\repository\io\projectreactor\reactor-core\3.5.0\reactor-core-3.5.0.jar;C:\Users\w10\.m2\repository\io\micrometer\micrometer-core\1.8.1\micrometer-core-1.8.1.jar;C:\Users\w10\.m2\repository\org\hdrhistogram\HdrHistogram\2.1.12\HdrHistogram-2.1.12.jar;C:\Users\w10\.m2\repository\org\latencyutils\LatencyUtils\2.0.3\LatencyUtils-2.0.3.jar;C:\Users\w10\.m2\repository\commons-httpclient\commons-httpclient\3.1\commons-httpclient-3.1.jar;C:\Users\w10\.m2\repository\org\apache\spark\spark-hadoop-cloud_2.12\3.3.0\spark-hadoop-cloud_2.12-3.3.0.jar;C:\Users\w10\.m2\repository\org\apache\hadoop\hadoop-cloud-storage\3.3.3\hadoop-cloud-storage-3.3.3.jar;C:\Users\w10\.m2\repository\org\apache\hadoop\hadoop-aws\3.3.3\hadoop-aws-3.3.3.jar;C:\Users\w10\.m2\repository\org\wildfly\openssl\wildfly-openssl\1.0.7.Final\wildfly-openssl-1.0.7.Final.jar;C:\Users\w10\.m2\repository\com\amazonaws\aws-java-sdk-dynamodb\1.11.1026\aws-java-sdk-dynamodb-1.11.1026.jar;C:\Users\w10\.m2\repository\za\co\absa\cobrix\spark-cobol_2.12\2.5.1\spark-cobol_2.12-2.5.1.jar;C:\Users\w10\.m2\repository\za\co\absa\cobrix\cobol-parser_2.12\2.5.1\cobol-parser_2.12-2.5.1.jar;C:\Users\w10\.m2\repository\org\scodec\scodec-core_2.12\1.10.3\scodec-core_2.12-1.10.3.jar;C:\Users\w10\.m2\repository\org\scodec\scodec-bits_2.12\1.1.2\scodec-bits_2.12-1.1.2.jar;C:\Users\w10\.m2\repository\com\chuusai\shapeless_2.12\2.3.2\shapeless_2.12-2.3.2.jar;C:\Users\w10\.m2\repository\org\typelevel\macro-compat_2.12\1.1.1\macro-compat_2.12-1.1.1.jar;C:\Users\w10\.m2\repository\com\google\code\gson\gson\2.9.1\gson-2.9.1.jar;C:\Users\w10\.m2\repository\org\slf4j\slf4j-api\1.7.36\slf4j-api-1.7.36.jar;C:\Users\w10\.m2\repository\com\bbva\lrba\builder\0.11.1\builder-0.11.1.jar;C:\Users\w10\.m2\repository\com\bbva\lrba\builder-processor\0.11.1\builder-processor-0.11.1.jar;C:\Users\w10\.m2\repository\com\bbva\lrba\test-utilities\0.11.1\test-utilities-0.11.1.jar;C:\Users\w10\.m2\repository\com\bbva\lrba\context\0.11.1\context-0.11.1.jar;C:\Users\w10\.m2\repository\com\bbva\lrba\crypto\0.11.1\crypto-0.11.1.jar;C:\Users\w10\.m2\repository\com\bbva\lrba\properties\0.11.1\properties-0.11.1.jar;C:\Users\w10\.m2\repository\com\bbva\lrba\exception\0.11.1\exception-0.11.1.jar;C:\Users\w10\.m2\repository\com\bbva\lrba\http-connector\0.11.1\http-connector-0.11.1.jar;C:\Users\w10\.m2\repository\com\bbva\lrba\secrets\0.11.1\secrets-0.11.1.jar;C:\Users\w10\.m2\repository\org\tinylog\slf4j-tinylog\2.3.2\slf4j-tinylog-2.3.2.jar;C:\Users\w10\.m2\repository\org\tinylog\tinylog-api\2.3.2\tinylog-api-2.3.2.jar;C:\Users\w10\.m2\repository\org\tinylog\tinylog-impl\2.3.2\tinylog-impl-2.3.2.jar;C:\Users\w10\.m2\repository\org\codehaus\mojo\animal-sniffer-annotations\1.18\animal-sniffer-annotations-1.18.jar;C:\Users\w10\.m2\repository\org\apache\logging\log4j\log4j-core\2.18.0\log4j-core-2.18.0.jar;C:\Users\w10\.m2\repository\org\apache\logging\log4j\log4j-api\2.18.0\log4j-api-2.18.0.jar;C:\Users\w10\.m2\repository\org\junit\jupiter\junit-jupiter-api\5.8.2\junit-jupiter-api-5.8.2.jar;C:\Users\w10\.m2\repository\org\opentest4j\opentest4j\1.2.0\opentest4j-1.2.0.jar;C:\Users\w10\.m2\repository\org\junit\platform\junit-platform-commons\1.8.2\junit-platform-commons-1.8.2.jar;C:\Users\w10\.m2\repository\org\apiguardian\apiguardian-api\1.1.2\apiguardian-api-1.1.2.jar;C:\Users\w10\.m2\repository\org\junit\jupiter\junit-jupiter-engine\5.8.2\junit-jupiter-engine-5.8.2.jar;C:\Users\w10\.m2\repository\org\junit\platform\junit-platform-engine\1.8.2\junit-platform-engine-1.8.2.jar;C:\Users\w10\.m2\repository\org\mockito\mockito-core\4.6.1\mockito-core-4.6.1.jar;C:\Users\w10\.m2\repository\net\bytebuddy\byte-buddy\1.12.10\byte-buddy-1.12.10.jar;C:\Users\w10\.m2\repository\net\bytebuddy\byte-buddy-agent\1.12.10\byte-buddy-agent-1.12.10.jar;C:\Users\w10\.m2\repository\org\objenesis\objenesis\3.2\objenesis-3.2.jar;C:\Users\w10\.m2\repository\org\mockito\mockito-inline\4.6.1\mockito-inline-4.6.1.jar;C:\Users\w10\.m2\repository\uk\org\webcompere\system-stubs-core\2.0.1\system-stubs-core-2.0.1.jar;C:\Users\w10\.m2\repository\uk\org\webcompere\system-stubs-jupiter\2.0.1\system-stubs-jupiter-2.0.1.jar;"/>
    <property name="sun.cpu.endian" value="little"/>
    <property name="user.home" value="C:\Users\w10"/>
    <property name="user.language" value="es"/>
    <property name="java.specification.vendor" value="Oracle Corporation"/>
    <property name="java.version.date" value="2023-04-18"/>
    <property name="java.home" value="C:\Users\w10\.lrba_cli\jdk-11.0.19+7"/>
    <property name="file.separator" value="\"/>
    <property name="basedir" value="C:\Users\w10\Documents\ejemplo\MPEH-MX-JSPRK-EJE1CAPA2024-V00"/>
    <property name="java.vm.compressedOopsMode" value="32-bit"/>
    <property name="line.separator" value="&#10;"/>
    <property name="java.specification.name" value="Java Platform API Specification"/>
    <property name="java.vm.specification.vendor" value="Oracle Corporation"/>
    <property name="java.awt.graphicsenv" value="sun.awt.Win32GraphicsEnvironment"/>
    <property name="surefire.real.class.path" value="C:\Users\w10\AppData\Local\Temp\surefire16663873682227599068\surefirebooter13066243505636385133.jar"/>
    <property name="user.script" value=""/>
    <property name="sun.management.compiler" value="HotSpot 64-Bit Tiered Compilers"/>
    <property name="java.runtime.version" value="11.0.19+7"/>
    <property name="artifactory.username" value="ramonenrique.mijangos.contractor"/>
    <property name="user.name" value="w10"/>
    <property name="path.separator" value=";"/>
    <property name="os.version" value="10.0"/>
    <property name="java.runtime.name" value="OpenJDK Runtime Environment"/>
    <property name="file.encoding" value="Cp1252"/>
    <property name="java.vm.name" value="OpenJDK 64-Bit Server VM"/>
    <property name="java.vendor.version" value="Temurin-11.0.19+7"/>
    <property name="localRepository" value="C:\Users\w10\.m2\repository"/>
    <property name="java.vendor.url.bug" value="https://github.com/adoptium/adoptium-support/issues"/>
    <property name="java.io.tmpdir" value="C:\Users\w10\AppData\Local\Temp\"/>
    <property name="javax.net.ssl.trustStoreType" value="WINDOWS-ROOT"/>
    <property name="java.version" value="11.0.19"/>
    <property name="user.dir" value="C:\Users\w10\Documents\ejemplo\MPEH-MX-JSPRK-EJE1CAPA2024-V00"/>
    <property name="os.arch" value="amd64"/>
    <property name="java.vm.specification.name" value="Java Virtual Machine Specification"/>
    <property name="java.awt.printerjob" value="sun.awt.windows.WPrinterJob"/>
    <property name="sun.os.patch.level" value=""/>
    <property name="java.library.path" value="C:\Users\w10\.lrba_cli\jdk-11.0.19+7\bin;C:\Windows\Sun\Java\bin;C:\Windows\system32;C:\Windows;C:\Program Files\Common Files\Oracle\Java\javapath;C:\oraclexe\app\oracle\product\11.2.0\server\bin;C:\Program Files (x86)\Common Files\Oracle\Java\javapath;C:\Windows\system32;C:\Windows;C:\Windows\System32\Wbem;C:\Windows\System32\WindowsPowerShell\v1.0\;C:\Windows\System32\OpenSSH\;C:\Users\w10\.lrba_cli;C:\apache-maven-3.8.8\bin;C:\winutils\bin;C:\Users\w10\AppData\Local\Microsoft\WindowsApps;C:\winutils\bin;;C:\Users\w10\.lrba_cli\winutils-master\hadoop-3.2.0\bin;."/>
    <property name="java.vm.info" value="mixed mode"/>
    <property name="java.vendor" value="Eclipse Adoptium"/>
    <property name="java.vm.version" value="11.0.19+7"/>
    <property name="sun.io.unicode.encoding" value="UnicodeLittle"/>
    <property name="java.class.version" value="55.0"/>
  </properties>
  <testcase name="registerTargets_na_TargetList" classname="com.bbva.mpeh.mx.jsprk.eje1capa2024.v00.JobEje1capa2024BuilderTest" time="0.043"/>
  <testcase name="registerTransform_na_Transform" classname="com.bbva.mpeh.mx.jsprk.eje1capa2024.v00.JobEje1capa2024BuilderTest" time="0.015"/>
  <testcase name="registerSources_na_SourceList" classname="com.bbva.mpeh.mx.jsprk.eje1capa2024.v00.JobEje1capa2024BuilderTest" time="0.008"/>
</testsuite>